0 verbose cli /usr/local/bin/node /usr/local/bin/npm
1 info using npm@11.6.2
2 info using node@v24.11.1
3 silly config load:file:/usr/local/lib/node_modules/npm/npmrc
4 silly config load:file:/Users/admin/Library/Mobile Documents/com~apple~CloudDocs/VSCode/PerplexRouter/.npmrc
5 silly config load:file:/Users/admin/.npmrc
6 silly config load:file:/usr/local/etc/npmrc
7 verbose title npm install remark-breaks
8 verbose argv "install" "remark-breaks" "--cache" ".npm-cache"
9 verbose logfile logs-max:10 dir:/Users/admin/Library/Mobile Documents/com~apple~CloudDocs/VSCode/PerplexRouter/.npm-cache/_logs/2025-12-05T03_00_42_808Z-
10 verbose logfile /Users/admin/Library/Mobile Documents/com~apple~CloudDocs/VSCode/PerplexRouter/.npm-cache/_logs/2025-12-05T03_00_42_808Z-debug-0.log
11 silly logfile done cleaning log files
12 silly packumentCache heap:2348810240 maxSize:587202560 maxEntrySize:293601280
13 verbose shrinkwrap failed to load node_modules/.package-lock.json out of date, updated: node_modules
14 silly idealTree buildDeps
15 silly fetch manifest remark-breaks@*
16 silly packumentCache full:https://registry.npmjs.org/remark-breaks cache-miss
17 http fetch GET 200 https://registry.npmjs.org/remark-breaks 221ms (cache miss)
18 silly packumentCache full:https://registry.npmjs.org/remark-breaks set size:undefined disposed:false
19 silly placeDep ROOT remark-breaks@4.0.0 OK for: capricious-cycle@0.0.1 want: *
20 silly fetch manifest mdast-util-newline-to-break@^2.0.0
21 silly packumentCache full:https://registry.npmjs.org/mdast-util-newline-to-break cache-miss
22 http fetch GET 200 https://registry.npmjs.org/mdast-util-newline-to-break 41ms (cache miss)
23 silly packumentCache full:https://registry.npmjs.org/mdast-util-newline-to-break set size:undefined disposed:false
24 silly placeDep ROOT mdast-util-newline-to-break@2.0.0 OK for: remark-breaks@4.0.0 want: ^2.0.0
25 silly reify moves {}
26 silly audit bulk request {
26 silly audit   '@astrojs/compiler': [ '2.13.0' ],
26 silly audit   '@astrojs/internal-helpers': [ '0.7.5' ],
26 silly audit   '@astrojs/markdown-remark': [ '6.3.9' ],
26 silly audit   '@astrojs/node': [ '9.5.1' ],
26 silly audit   '@astrojs/prism': [ '3.3.0' ],
26 silly audit   '@astrojs/react': [ '4.4.2' ],
26 silly audit   '@astrojs/telemetry': [ '3.3.0' ],
26 silly audit   '@babel/code-frame': [ '7.27.1' ],
26 silly audit   '@babel/compat-data': [ '7.28.5' ],
26 silly audit   '@babel/core': [ '7.28.5' ],
26 silly audit   semver: [ '6.3.1', '7.7.3' ],
26 silly audit   '@babel/generator': [ '7.28.5' ],
26 silly audit   '@babel/helper-compilation-targets': [ '7.27.2' ],
26 silly audit   'lru-cache': [ '5.1.1', '10.4.3' ],
26 silly audit   '@babel/helper-globals': [ '7.28.0' ],
26 silly audit   '@babel/helper-module-imports': [ '7.27.1' ],
26 silly audit   '@babel/helper-module-transforms': [ '7.28.3' ],
26 silly audit   '@babel/helper-plugin-utils': [ '7.27.1' ],
26 silly audit   '@babel/helper-string-parser': [ '7.27.1' ],
26 silly audit   '@babel/helper-validator-identifier': [ '7.28.5' ],
26 silly audit   '@babel/helper-validator-option': [ '7.27.1' ],
26 silly audit   '@babel/helpers': [ '7.28.4' ],
26 silly audit   '@babel/parser': [ '7.28.5' ],
26 silly audit   '@babel/plugin-transform-react-jsx-self': [ '7.27.1' ],
26 silly audit   '@babel/plugin-transform-react-jsx-source': [ '7.27.1' ],
26 silly audit   '@babel/template': [ '7.27.2' ],
26 silly audit   '@babel/traverse': [ '7.28.5' ],
26 silly audit   '@babel/types': [ '7.28.5' ],
26 silly audit   '@capsizecss/unpack': [ '3.0.1' ],
26 silly audit   '@emnapi/runtime': [ '1.7.1' ],
26 silly audit   '@esbuild/aix-ppc64': [ '0.25.12' ],
26 silly audit   '@esbuild/android-arm': [ '0.25.12' ],
26 silly audit   '@esbuild/android-arm64': [ '0.25.12' ],
26 silly audit   '@esbuild/android-x64': [ '0.25.12' ],
26 silly audit   '@esbuild/darwin-arm64': [ '0.25.12' ],
26 silly audit   '@esbuild/darwin-x64': [ '0.25.12' ],
26 silly audit   '@esbuild/freebsd-arm64': [ '0.25.12' ],
26 silly audit   '@esbuild/freebsd-x64': [ '0.25.12' ],
26 silly audit   '@esbuild/linux-arm': [ '0.25.12' ],
26 silly audit   '@esbuild/linux-arm64': [ '0.25.12' ],
26 silly audit   '@esbuild/linux-ia32': [ '0.25.12' ],
26 silly audit   '@esbuild/linux-loong64': [ '0.25.12' ],
26 silly audit   '@esbuild/linux-mips64el': [ '0.25.12' ],
26 silly audit   '@esbuild/linux-ppc64': [ '0.25.12' ],
26 silly audit   '@esbuild/linux-riscv64': [ '0.25.12' ],
26 silly audit   '@esbuild/linux-s390x': [ '0.25.12' ],
26 silly audit   '@esbuild/linux-x64': [ '0.25.12' ],
26 silly audit   '@esbuild/netbsd-arm64': [ '0.25.12' ],
26 silly audit   '@esbuild/netbsd-x64': [ '0.25.12' ],
26 silly audit   '@esbuild/openbsd-arm64': [ '0.25.12' ],
26 silly audit   '@esbuild/openbsd-x64': [ '0.25.12' ],
26 silly audit   '@esbuild/openharmony-arm64': [ '0.25.12' ],
26 silly audit   '@esbuild/sunos-x64': [ '0.25.12' ],
26 silly audit   '@esbuild/win32-arm64': [ '0.25.12' ],
26 silly audit   '@esbuild/win32-ia32': [ '0.25.12' ],
26 silly audit   '@esbuild/win32-x64': [ '0.25.12' ],
26 silly audit   '@img/colour': [ '1.0.0' ],
26 silly audit   '@img/sharp-darwin-arm64': [ '0.34.5' ],
26 silly audit   '@img/sharp-darwin-x64': [ '0.34.5' ],
26 silly audit   '@img/sharp-libvips-darwin-arm64': [ '1.2.4' ],
26 silly audit   '@img/sharp-libvips-darwin-x64': [ '1.2.4' ],
26 silly audit   '@img/sharp-libvips-linux-arm': [ '1.2.4' ],
26 silly audit   '@img/sharp-libvips-linux-arm64': [ '1.2.4' ],
26 silly audit   '@img/sharp-libvips-linux-ppc64': [ '1.2.4' ],
26 silly audit   '@img/sharp-libvips-linux-riscv64': [ '1.2.4' ],
26 silly audit   '@img/sharp-libvips-linux-s390x': [ '1.2.4' ],
26 silly audit   '@img/sharp-libvips-linux-x64': [ '1.2.4' ],
26 silly audit   '@img/sharp-libvips-linuxmusl-arm64': [ '1.2.4' ],
26 silly audit   '@img/sharp-libvips-linuxmusl-x64': [ '1.2.4' ],
26 silly audit   '@img/sharp-linux-arm': [ '0.34.5' ],
26 silly audit   '@img/sharp-linux-arm64': [ '0.34.5' ],
26 silly audit   '@img/sharp-linux-ppc64': [ '0.34.5' ],
26 silly audit   '@img/sharp-linux-riscv64': [ '0.34.5' ],
26 silly audit   '@img/sharp-linux-s390x': [ '0.34.5' ],
26 silly audit   '@img/sharp-linux-x64': [ '0.34.5' ],
26 silly audit   '@img/sharp-linuxmusl-arm64': [ '0.34.5' ],
26 silly audit   '@img/sharp-linuxmusl-x64': [ '0.34.5' ],
26 silly audit   '@img/sharp-wasm32': [ '0.34.5' ],
26 silly audit   '@img/sharp-win32-arm64': [ '0.34.5' ],
26 silly audit   '@img/sharp-win32-ia32': [ '0.34.5' ],
26 silly audit   '@img/sharp-win32-x64': [ '0.34.5' ],
26 silly audit   '@jridgewell/gen-mapping': [ '0.3.13' ],
26 silly audit   '@jridgewell/remapping': [ '2.3.5' ],
26 silly audit   '@jridgewell/resolve-uri': [ '3.1.2' ],
26 silly audit   '@jridgewell/sourcemap-codec': [ '1.5.5' ],
26 silly audit   '@jridgewell/trace-mapping': [ '0.3.31' ],
26 silly audit   '@oslojs/encoding': [ '1.1.0' ],
26 silly audit   '@rolldown/pluginutils': [ '1.0.0-beta.27' ],
26 silly audit   '@rollup/pluginutils': [ '5.3.0' ],
26 silly audit   'estree-walker': [ '2.0.2', '3.0.3' ],
26 silly audit   '@rollup/rollup-android-arm-eabi': [ '4.53.3' ],
26 silly audit   '@rollup/rollup-android-arm64': [ '4.53.3' ],
26 silly audit   '@rollup/rollup-darwin-arm64': [ '4.53.3' ],
26 silly audit   '@rollup/rollup-darwin-x64': [ '4.53.3' ],
26 silly audit   '@rollup/rollup-freebsd-arm64': [ '4.53.3' ],
26 silly audit   '@rollup/rollup-freebsd-x64': [ '4.53.3' ],
26 silly audit   '@rollup/rollup-linux-arm-gnueabihf': [ '4.53.3' ],
26 silly audit   '@rollup/rollup-linux-arm-musleabihf': [ '4.53.3' ],
26 silly audit   '@rollup/rollup-linux-arm64-gnu': [ '4.53.3' ],
26 silly audit   '@rollup/rollup-linux-arm64-musl': [ '4.53.3' ],
26 silly audit   '@rollup/rollup-linux-loong64-gnu': [ '4.53.3' ],
26 silly audit   '@rollup/rollup-linux-ppc64-gnu': [ '4.53.3' ],
26 silly audit   '@rollup/rollup-linux-riscv64-gnu': [ '4.53.3' ],
26 silly audit   '@rollup/rollup-linux-riscv64-musl': [ '4.53.3' ],
26 silly audit   '@rollup/rollup-linux-s390x-gnu': [ '4.53.3' ],
26 silly audit   '@rollup/rollup-linux-x64-gnu': [ '4.53.3' ],
26 silly audit   '@rollup/rollup-linux-x64-musl': [ '4.53.3' ],
26 silly audit   '@rollup/rollup-openharmony-arm64': [ '4.53.3' ],
26 silly audit   '@rollup/rollup-win32-arm64-msvc': [ '4.53.3' ],
26 silly audit   '@rollup/rollup-win32-ia32-msvc': [ '4.53.3' ],
26 silly audit   '@rollup/rollup-win32-x64-gnu': [ '4.53.3' ],
26 silly audit   '@rollup/rollup-win32-x64-msvc': [ '4.53.3' ],
26 silly audit   '@shikijs/core': [ '3.19.0' ],
26 silly audit   '@shikijs/engine-javascript': [ '3.19.0' ],
26 silly audit   '@shikijs/engine-oniguruma': [ '3.19.0' ],
26 silly audit   '@shikijs/langs': [ '3.19.0' ],
26 silly audit   '@shikijs/themes': [ '3.19.0' ],
26 silly audit   '@shikijs/types': [ '3.19.0' ],
26 silly audit   '@shikijs/vscode-textmate': [ '10.0.2' ],
26 silly audit   '@swc/helpers': [ '0.5.17' ],
26 silly audit   '@tailwindcss/node': [ '4.1.17' ],
26 silly audit   '@tailwindcss/oxide': [ '4.1.17' ],
26 silly audit   '@tailwindcss/oxide-android-arm64': [ '4.1.17' ],
26 silly audit   '@tailwindcss/oxide-darwin-arm64': [ '4.1.17' ],
26 silly audit   '@tailwindcss/oxide-darwin-x64': [ '4.1.17' ],
26 silly audit   '@tailwindcss/oxide-freebsd-x64': [ '4.1.17' ],
26 silly audit   '@tailwindcss/oxide-linux-arm-gnueabihf': [ '4.1.17' ],
26 silly audit   '@tailwindcss/oxide-linux-arm64-gnu': [ '4.1.17' ],
26 silly audit   '@tailwindcss/oxide-linux-arm64-musl': [ '4.1.17' ],
26 silly audit   '@tailwindcss/oxide-linux-x64-gnu': [ '4.1.17' ],
26 silly audit   '@tailwindcss/oxide-linux-x64-musl': [ '4.1.17' ],
26 silly audit   '@tailwindcss/oxide-wasm32-wasi': [ '4.1.17' ],
26 silly audit   '@tailwindcss/oxide-win32-arm64-msvc': [ '4.1.17' ],
26 silly audit   '@tailwindcss/oxide-win32-x64-msvc': [ '4.1.17' ],
26 silly audit   '@tailwindcss/vite': [ '4.1.17' ],
26 silly audit   '@types/babel__core': [ '7.20.5' ],
26 silly audit   '@types/babel__generator': [ '7.27.0' ],
26 silly audit   '@types/babel__template': [ '7.4.4' ],
26 silly audit   '@types/babel__traverse': [ '7.28.0' ],
26 silly audit   '@types/debug': [ '4.1.12' ],
26 silly audit   '@types/estree': [ '1.0.8' ],
26 silly audit   '@types/estree-jsx': [ '1.0.5' ],
26 silly audit   '@types/fontkit': [ '2.0.8' ],
26 silly audit   '@types/hast': [ '3.0.4' ],
26 silly audit   '@types/mdast': [ '4.0.4' ],
26 silly audit   '@types/ms': [ '2.1.0' ],
26 silly audit   '@types/nlcst': [ '2.0.3' ],
26 silly audit   '@types/node': [ '24.10.1' ],
26 silly audit   '@types/react': [ '19.2.7' ],
26 silly audit   '@types/react-dom': [ '19.2.3' ],
26 silly audit   '@types/unist': [ '3.0.3', '2.0.11' ],
26 silly audit   '@ungap/structured-clone': [ '1.3.0' ],
26 silly audit   '@vitejs/plugin-react': [ '4.7.0' ],
26 silly audit   acorn: [ '8.15.0' ],
26 silly audit   'ansi-align': [ '3.0.1' ],
26 silly audit   'ansi-regex': [ '5.0.1', '6.2.2' ],
26 silly audit   'emoji-regex': [ '8.0.0', '10.6.0' ],
26 silly audit   'string-width': [ '4.2.3', '7.2.0' ],
26 silly audit   'strip-ansi': [ '6.0.1', '7.1.2' ],
26 silly audit   'ansi-styles': [ '6.2.3' ],
26 silly audit   anymatch: [ '3.1.3' ],
26 silly audit   picomatch: [ '2.3.1', '4.0.3' ],
26 silly audit   argparse: [ '2.0.1' ],
26 silly audit   'aria-query': [ '5.3.2' ],
26 silly audit   'array-iterate': [ '2.0.1' ],
26 silly audit   astro: [ '5.16.4' ],
26 silly audit   'axobject-query': [ '4.1.0' ],
26 silly audit   bail: [ '2.0.2' ],
26 silly audit   'base-64': [ '1.0.0' ],
26 silly audit   'base64-js': [ '1.5.1' ],
26 silly audit   'baseline-browser-mapping': [ '2.9.0' ],
26 silly audit   boolbase: [ '1.0.0' ],
26 silly audit   boxen: [ '8.0.1' ],
26 silly audit   brotli: [ '1.3.3' ],
26 silly audit   browserslist: [ '4.28.1' ],
26 silly audit   camelcase: [ '8.0.0' ],
26 silly audit   'caniuse-lite': [ '1.0.30001759' ],
26 silly audit   ccount: [ '2.0.1' ],
26 silly audit   chalk: [ '5.6.2' ],
26 silly audit   'character-entities': [ '2.0.2' ],
26 silly audit   'character-entities-html4': [ '2.1.0' ],
26 silly audit   'character-entities-legacy': [ '3.0.0' ],
26 silly audit   'character-reference-invalid': [ '2.0.1' ],
26 silly audit   cheerio: [ '1.1.2' ],
26 silly audit   'cheerio-select': [ '2.1.0' ],
26 silly audit   chokidar: [ '4.0.3' ],
26 silly audit   'ci-info': [ '4.3.1' ],
26 silly audit   'cli-boxes': [ '3.0.0' ],
26 silly audit   clone: [ '2.1.2' ],
26 silly audit   clsx: [ '2.1.1' ],
26 silly audit   'comma-separated-tokens': [ '2.0.3' ],
26 silly audit   commander: [ '11.1.0' ],
26 silly audit   'common-ancestor-path': [ '1.0.1' ],
26 silly audit   'convert-source-map': [ '2.0.0' ],
26 silly audit   cookie: [ '1.1.1' ],
26 silly audit   'cookie-es': [ '1.2.2' ],
26 silly audit   crossws: [ '0.3.5' ],
26 silly audit   'css-select': [ '5.2.2' ],
26 silly audit   'css-tree': [ '3.1.0', '2.2.1' ],
26 silly audit   'css-what': [ '6.2.2' ],
26 silly audit   cssesc: [ '3.0.0' ],
26 silly audit   csso: [ '5.0.5' ],
26 silly audit   'mdn-data': [ '2.0.28', '2.12.2' ],
26 silly audit   csstype: [ '3.2.3' ],
26 silly audit   debug: [ '4.4.3' ],
26 silly audit   'decode-named-character-reference': [ '1.2.0' ],
26 silly audit   defu: [ '6.1.4' ],
26 silly audit   depd: [ '2.0.0' ],
26 silly audit   dequal: [ '2.0.3' ],
26 silly audit   destr: [ '2.0.5' ],
26 silly audit   'detect-libc': [ '2.1.2' ],
26 silly audit   'deterministic-object-hash': [ '2.0.2' ],
26 silly audit   devalue: [ '5.5.0' ],
26 silly audit   devlop: [ '1.1.0' ],
26 silly audit   dfa: [ '1.2.0' ],
26 silly audit   diff: [ '5.2.0' ],
26 silly audit   dlv: [ '1.1.3' ],
26 silly audit   'dom-serializer': [ '2.0.0' ],
26 silly audit   entities: [ '4.5.0', '6.0.1' ],
26 silly audit   domelementtype: [ '2.3.0' ],
26 silly audit   domhandler: [ '5.0.3' ],
26 silly audit   domutils: [ '3.2.2' ],
26 silly audit   dset: [ '3.1.4' ],
26 silly audit   'ee-first': [ '1.1.1' ],
26 silly audit   'electron-to-chromium': [ '1.5.264' ],
26 silly audit   encodeurl: [ '2.0.0' ],
26 silly audit   'encoding-sniffer': [ '0.2.1' ],
26 silly audit   'enhanced-resolve': [ '5.18.3' ],
26 silly audit   'es-module-lexer': [ '1.7.0' ],
26 silly audit   esbuild: [ '0.25.12' ],
26 silly audit   escalade: [ '3.2.0' ],
26 silly audit   'escape-html': [ '1.0.3' ],
26 silly audit   'escape-string-regexp': [ '5.0.0' ],
26 silly audit   'estree-util-is-identifier-name': [ '3.0.0' ],
26 silly audit   etag: [ '1.8.1' ],
26 silly audit   eventemitter3: [ '5.0.1' ],
26 silly audit   extend: [ '3.0.2' ],
26 silly audit   'fast-deep-equal': [ '3.1.3' ],
26 silly audit   fdir: [ '6.5.0' ],
26 silly audit   flattie: [ '1.1.1' ],
26 silly audit   fontace: [ '0.3.1' ],
26 silly audit   fontkit: [ '2.0.4' ],
26 silly audit   fresh: [ '2.0.0' ],
26 silly audit   fsevents: [ '2.3.3' ],
26 silly audit   gensync: [ '1.0.0-beta.2' ],
26 silly audit   'get-east-asian-width': [ '1.4.0' ],
26 silly audit   'github-slugger': [ '2.0.0' ],
26 silly audit   'graceful-fs': [ '4.2.11' ],
26 silly audit   h3: [ '1.15.4' ],
26 silly audit   'hast-util-from-html': [ '2.0.3' ],
26 silly audit   'hast-util-from-parse5': [ '8.0.3' ],
26 silly audit   'hast-util-is-element': [ '3.0.0' ],
26 silly audit   'hast-util-parse-selector': [ '4.0.0' ],
26 silly audit   'hast-util-raw': [ '9.1.0' ],
26 silly audit   'hast-util-to-html': [ '9.0.5' ],
26 silly audit   'hast-util-to-jsx-runtime': [ '2.3.6' ],
26 silly audit   'hast-util-to-parse5': [ '8.0.0' ],
26 silly audit   'property-information': [ '6.5.0', '7.1.0' ],
26 silly audit   'hast-util-to-text': [ '4.0.2' ],
26 silly audit   'hast-util-whitespace': [ '3.0.0' ],
26 silly audit   hastscript: [ '9.0.1' ],
26 silly audit   'html-escaper': [ '3.0.3' ],
26 silly audit   'html-url-attributes': [ '3.0.1' ],
26 silly audit   'html-void-elements': [ '3.0.0' ],
26 silly audit   htmlparser2: [ '10.0.0' ],
26 silly audit   'http-cache-semantics': [ '4.2.0' ],
26 silly audit   'http-errors': [ '2.0.1' ],
26 silly audit   'iconv-lite': [ '0.6.3' ],
26 silly audit   'import-meta-resolve': [ '4.2.0' ],
26 silly audit   inherits: [ '2.0.4' ],
26 silly audit   'inline-style-parser': [ '0.2.7' ],
26 silly audit   'iron-webcrypto': [ '1.2.1' ],
26 silly audit   'is-alphabetical': [ '2.0.1' ],
26 silly audit   'is-alphanumerical': [ '2.0.1' ],
26 silly audit   'is-decimal': [ '2.0.1' ],
26 silly audit   'is-docker': [ '3.0.0' ],
26 silly audit   'is-fullwidth-code-point': [ '3.0.0' ],
26 silly audit   'is-hexadecimal': [ '2.0.1' ],
26 silly audit   'is-inside-container': [ '1.0.0' ],
26 silly audit   'is-plain-obj': [ '4.1.0' ],
26 silly audit   'is-wsl': [ '3.1.0' ],
26 silly audit   jiti: [ '2.6.1' ],
26 silly audit   'js-tokens': [ '4.0.0' ],
26 silly audit   'js-yaml': [ '4.1.1' ],
26 silly audit   jsesc: [ '3.1.0' ],
26 silly audit   json5: [ '2.2.3' ],
26 silly audit   kleur: [ '3.0.3' ],
26 silly audit   lightningcss: [ '1.30.2' ],
26 silly audit   'lightningcss-android-arm64': [ '1.30.2' ],
26 silly audit   'lightningcss-darwin-arm64': [ '1.30.2' ],
26 silly audit   'lightningcss-darwin-x64': [ '1.30.2' ],
26 silly audit   'lightningcss-freebsd-x64': [ '1.30.2' ],
26 silly audit   'lightningcss-linux-arm-gnueabihf': [ '1.30.2' ],
26 silly audit   'lightningcss-linux-arm64-gnu': [ '1.30.2' ],
26 silly audit   'lightningcss-linux-arm64-musl': [ '1.30.2' ],
26 silly audit   'lightningcss-linux-x64-gnu': [ '1.30.2' ],
26 silly audit   'lightningcss-linux-x64-musl': [ '1.30.2' ],
26 silly audit   'lightningcss-win32-arm64-msvc': [ '1.30.2' ],
26 silly audit   'lightningcss-win32-x64-msvc': [ '1.30.2' ],
26 silly audit   'longest-streak': [ '3.1.0' ],
26 silly audit   'lucide-react': [ '0.555.0' ],
26 silly audit   'magic-string': [ '0.30.21' ],
26 silly audit   magicast: [ '0.5.1' ],
26 silly audit   'markdown-table': [ '3.0.4' ],
26 silly audit   'mdast-util-definitions': [ '6.0.0' ],
26 silly audit   'mdast-util-find-and-replace': [ '3.0.2' ],
26 silly audit   'mdast-util-from-markdown': [ '2.0.2' ],
26 silly audit   'mdast-util-gfm': [ '3.1.0' ],
26 silly audit   'mdast-util-gfm-autolink-literal': [ '2.0.1' ],
26 silly audit   'mdast-util-gfm-footnote': [ '2.1.0' ],
26 silly audit   'mdast-util-gfm-strikethrough': [ '2.0.0' ],
26 silly audit   'mdast-util-gfm-table': [ '2.0.0' ],
26 silly audit   'mdast-util-gfm-task-list-item': [ '2.0.0' ],
26 silly audit   'mdast-util-mdx-expression': [ '2.0.1' ],
26 silly audit   'mdast-util-mdx-jsx': [ '3.2.0' ],
26 silly audit   'mdast-util-mdxjs-esm': [ '2.0.1' ],
26 silly audit   'mdast-util-phrasing': [ '4.1.0' ],
26 silly audit   'mdast-util-to-hast': [ '13.2.1' ],
26 silly audit   'mdast-util-to-markdown': [ '2.1.2' ],
26 silly audit   'mdast-util-to-string': [ '4.0.0' ],
26 silly audit   micromark: [ '4.0.2' ],
26 silly audit   'micromark-core-commonmark': [ '2.0.3' ],
26 silly audit   'micromark-extension-gfm': [ '3.0.0' ],
26 silly audit   'micromark-extension-gfm-autolink-literal': [ '2.1.0' ],
26 silly audit   'micromark-extension-gfm-footnote': [ '2.1.0' ],
26 silly audit   'micromark-extension-gfm-strikethrough': [ '2.1.0' ],
26 silly audit   'micromark-extension-gfm-table': [ '2.1.1' ],
26 silly audit   'micromark-extension-gfm-tagfilter': [ '2.0.0' ],
26 silly audit   'micromark-extension-gfm-task-list-item': [ '2.1.0' ],
26 silly audit   'micromark-factory-destination': [ '2.0.1' ],
26 silly audit   'micromark-factory-label': [ '2.0.1' ],
26 silly audit   'micromark-factory-space': [ '2.0.1' ],
26 silly audit   'micromark-factory-title': [ '2.0.1' ],
26 silly audit   'micromark-factory-whitespace': [ '2.0.1' ],
26 silly audit   'micromark-util-character': [ '2.1.1' ],
26 silly audit   'micromark-util-chunked': [ '2.0.1' ],
26 silly audit   'micromark-util-classify-character': [ '2.0.1' ],
26 silly audit   'micromark-util-combine-extensions': [ '2.0.1' ],
26 silly audit   'micromark-util-decode-numeric-character-reference': [ '2.0.2' ],
26 silly audit   'micromark-util-decode-string': [ '2.0.1' ],
26 silly audit   'micromark-util-encode': [ '2.0.1' ],
26 silly audit   'micromark-util-html-tag-name': [ '2.0.1' ],
26 silly audit   'micromark-util-normalize-identifier': [ '2.0.1' ],
26 silly audit   'micromark-util-resolve-all': [ '2.0.1' ],
26 silly audit   'micromark-util-sanitize-uri': [ '2.0.1' ],
26 silly audit   'micromark-util-subtokenize': [ '2.1.0' ],
26 silly audit   'micromark-util-symbol': [ '2.0.1' ],
26 silly audit   'micromark-util-types': [ '2.0.2' ],
26 silly audit   'mime-db': [ '1.54.0' ],
26 silly audit   'mime-types': [ '3.0.2' ],
26 silly audit   mrmime: [ '2.0.1' ],
26 silly audit   ms: [ '2.1.3' ],
26 silly audit   nanoid: [ '3.3.11' ],
26 silly audit   neotraverse: [ '0.6.18' ],
26 silly audit   'nlcst-to-string': [ '4.0.0' ],
26 silly audit   'node-fetch-native': [ '1.6.7' ],
26 silly audit   'node-mock-http': [ '1.0.3' ],
26 silly audit   'node-releases': [ '2.0.27' ],
26 silly audit   'normalize-path': [ '3.0.0' ],
26 silly audit   'nth-check': [ '2.1.1' ],
26 silly audit   ofetch: [ '1.5.1' ],
26 silly audit   ohash: [ '2.0.11' ],
26 silly audit   'on-finished': [ '2.4.1' ],
26 silly audit   'oniguruma-parser': [ '0.12.1' ],
26 silly audit   'oniguruma-to-es': [ '4.3.4' ],
26 silly audit   'p-limit': [ '6.2.0' ],
26 silly audit   'p-queue': [ '8.1.1' ],
26 silly audit   'p-timeout': [ '6.1.4' ],
26 silly audit   'package-manager-detector': [ '1.6.0' ],
26 silly audit   pako: [ '0.2.9' ],
26 silly audit   'parse-entities': [ '4.0.2' ],
26 silly audit   'parse-latin': [ '7.0.0' ],
26 silly audit   parse5: [ '7.3.0' ],
26 silly audit   'parse5-htmlparser2-tree-adapter': [ '7.1.0' ],
26 silly audit   'parse5-parser-stream': [ '7.1.2' ],
26 silly audit   piccolore: [ '0.1.3' ],
26 silly audit   picocolors: [ '1.1.1' ],
26 silly audit   postcss: [ '8.5.6' ],
26 silly audit   prismjs: [ '1.30.0' ],
26 silly audit   prompts: [ '2.4.2' ],
26 silly audit   radix3: [ '1.1.2' ],
26 silly audit   'range-parser': [ '1.2.1' ],
26 silly audit   react: [ '19.2.1' ],
26 silly audit   'react-dom': [ '19.2.1' ],
26 silly audit   'react-markdown': [ '10.1.0' ],
26 silly audit   'react-refresh': [ '0.17.0' ],
26 silly audit   readdirp: [ '4.1.2' ],
26 silly audit   regex: [ '6.0.1' ],
26 silly audit   'regex-recursion': [ '6.0.2' ],
26 silly audit   'regex-utilities': [ '2.3.0' ],
26 silly audit   rehype: [ '13.0.2' ],
26 silly audit   'rehype-parse': [ '9.0.1' ],
26 silly audit   'rehype-raw': [ '7.0.0' ],
26 silly audit   'rehype-stringify': [ '10.0.1' ],
26 silly audit   'remark-gfm': [ '4.0.1' ],
26 silly audit   'remark-parse': [ '11.0.0' ],
26 silly audit   'remark-rehype': [ '11.1.2' ],
26 silly audit   'remark-smartypants': [ '3.0.2' ],
26 silly audit   'remark-stringify': [ '11.0.0' ],
26 silly audit   restructure: [ '3.0.2' ],
26 silly audit   retext: [ '9.0.0' ],
26 silly audit   'retext-latin': [ '4.0.0' ],
26 silly audit   'retext-smartypants': [ '6.2.0' ],
26 silly audit   'retext-stringify': [ '4.0.0' ],
26 silly audit   rollup: [ '4.53.3' ],
26 silly audit   'safer-buffer': [ '2.1.2' ],
26 silly audit   sax: [ '1.4.3' ],
26 silly audit   scheduler: [ '0.27.0' ],
26 silly audit   send: [ '1.2.0' ],
26 silly audit   'server-destroy': [ '1.0.1' ],
26 silly audit   setprototypeof: [ '1.2.0' ],
26 silly audit   sharp: [ '0.34.5' ],
26 silly audit   shiki: [ '3.19.0' ],
26 silly audit   sisteransi: [ '1.0.5' ],
26 silly audit   'smol-toml': [ '1.5.2' ],
26 silly audit   'source-map-js': [ '1.2.1' ],
26 silly audit   'space-separated-tokens': [ '2.0.2' ],
26 silly audit   statuses: [ '2.0.2' ],
26 silly audit   'stringify-entities': [ '4.0.4' ],
26 silly audit   'style-to-js': [ '1.1.21' ],
26 silly audit   'style-to-object': [ '1.0.14' ],
26 silly audit   svgo: [ '4.0.0' ],
26 silly audit   tailwindcss: [ '4.1.17' ],
26 silly audit   tapable: [ '2.3.0' ],
26 silly audit   'tiny-inflate': [ '1.0.3' ],
26 silly audit   tinyexec: [ '1.0.2' ],
26 silly audit   tinyglobby: [ '0.2.15' ],
26 silly audit   toidentifier: [ '1.0.1' ],
26 silly audit   'trim-lines': [ '3.0.1' ],
26 silly audit   trough: [ '2.2.0' ],
26 silly audit   tsconfck: [ '3.1.6' ],
26 silly audit   tslib: [ '2.8.1' ],
26 silly audit   'type-fest': [ '4.41.0' ],
26 silly audit   typescript: [ '5.9.3' ],
26 silly audit   ufo: [ '1.6.1' ],
26 silly audit   ultrahtml: [ '1.6.0' ],
26 silly audit   uncrypto: [ '0.1.3' ],
26 silly audit   undici: [ '7.16.0' ],
26 silly audit   'undici-types': [ '7.16.0' ],
26 silly audit   'unicode-properties': [ '1.4.1' ],
26 silly audit   'unicode-trie': [ '2.0.0' ],
26 silly audit   unified: [ '11.0.5' ],
26 silly audit   unifont: [ '0.6.0' ],
26 silly audit   'unist-util-find-after': [ '5.0.0' ],
26 silly audit   'unist-util-is': [ '6.0.1' ],
26 silly audit   'unist-util-modify-children': [ '4.0.0' ],
26 silly audit   'unist-util-position': [ '5.0.0' ],
26 silly audit   'unist-util-remove-position': [ '5.0.0' ],
26 silly audit   'unist-util-stringify-position': [ '4.0.0' ],
26 silly audit   'unist-util-visit': [ '5.0.0' ],
26 silly audit   'unist-util-visit-children': [ '3.0.0' ],
26 silly audit   'unist-util-visit-parents': [ '6.0.2' ],
26 silly audit   unstorage: [ '1.17.3' ],
26 silly audit   'update-browserslist-db': [ '1.2.2' ],
26 silly audit   vfile: [ '6.0.3' ],
26 silly audit   'vfile-location': [ '5.0.3' ],
26 silly audit   'vfile-message': [ '4.0.3' ],
26 silly audit   vite: [ '6.4.1' ],
26 silly audit   vitefu: [ '1.1.1' ],
26 silly audit   'web-namespaces': [ '2.0.1' ],
26 silly audit   'whatwg-encoding': [ '3.1.1' ],
26 silly audit   'whatwg-mimetype': [ '4.0.0' ],
26 silly audit   'which-pm-runs': [ '1.1.0' ],
26 silly audit   'widest-line': [ '5.0.0' ],
26 silly audit   'wrap-ansi': [ '9.0.2' ],
26 silly audit   'xxhash-wasm': [ '1.1.0' ],
26 silly audit   yallist: [ '3.1.1' ],
26 silly audit   'yargs-parser': [ '21.1.1' ],
26 silly audit   'yocto-queue': [ '1.2.2' ],
26 silly audit   'yocto-spinner': [ '0.2.3' ],
26 silly audit   yoctocolors: [ '2.1.2' ],
26 silly audit   zod: [ '3.25.76' ],
26 silly audit   'zod-to-json-schema': [ '3.25.0' ],
26 silly audit   'zod-to-ts': [ '1.2.0' ],
26 silly audit   zwitch: [ '2.0.4' ],
26 silly audit   'remark-breaks': [ '4.0.0' ],
26 silly audit   'mdast-util-newline-to-break': [ '2.0.0' ]
26 silly audit }
27 http cache mdast-util-newline-to-break@https://registry.npmjs.org/mdast-util-newline-to-break/-/mdast-util-newline-to-break-2.0.0.tgz 0ms (cache hit)
28 http cache remark-breaks@https://registry.npmjs.org/remark-breaks/-/remark-breaks-4.0.0.tgz 0ms (cache hit)
29 silly tarball no local data for mdast-util-newline-to-break@https://registry.npmjs.org/mdast-util-newline-to-break/-/mdast-util-newline-to-break-2.0.0.tgz. Extracting by manifest.
30 silly tarball no local data for remark-breaks@https://registry.npmjs.org/remark-breaks/-/remark-breaks-4.0.0.tgz. Extracting by manifest.
31 http fetch GET 200 https://registry.npmjs.org/mdast-util-newline-to-break/-/mdast-util-newline-to-break-2.0.0.tgz 149ms (cache miss)
32 http fetch GET 200 https://registry.npmjs.org/remark-breaks/-/remark-breaks-4.0.0.tgz 149ms (cache miss)
33 http fetch POST 200 https://registry.npmjs.org/-/npm/v1/security/advisories/bulk 260ms
34 silly audit report {}
35 silly ADD node_modules/mdast-util-newline-to-break
36 silly ADD node_modules/remark-breaks
37 verbose cwd /Users/admin/Library/Mobile Documents/com~apple~CloudDocs/VSCode/PerplexRouter
38 verbose os Darwin 25.1.0
39 verbose node v24.11.1
40 verbose npm  v11.6.2
41 verbose exit 0
42 info ok
